<?xml version="1.0" encoding="UTF-8"?>
<testsuite name="com.bridgelabz.moodanalizer.MoodAnalyserTest" tests="1" skipped="0" failures="0" errors="0" timestamp="2022-12-18T16:35:38" hostname="DEVRAJKUMAR" time="0.06">
  <properties/>
  <testcase name="givenMessage_WhenProper_ShouldReturnSad()" classname="com.bridgelabz.moodanalizer.MoodAnalyserTest" time="0.06"/>
  <system-out><![CDATA[SAD
]]></system-out>
  <system-err><![CDATA[]]></system-err>
</testsuite>
