<?xml version="1.0" encoding="UTF-8"?>
<testsuite name="com.bridgelabz.moodanalizer.MoodAnalyserTest" tests="1" skipped="0" failures="0" errors="0" timestamp="2022-12-18T16:44:00" hostname="DEVRAJKUMAR" time="0.054">
  <properties/>
  <testcase name="givenMessage_WhenProper_ShouldReturnHappy()" classname="com.bridgelabz.moodanalizer.MoodAnalyserTest" time="0.054"/>
  <system-out><![CDATA[HAPPY
]]></system-out>
  <system-err><![CDATA[]]></system-err>
</testsuite>
